d:\dev\native_world\nw_engine\ext\lua_lib\bin-int\debug-windows-x86_64\lua_lib\lua_lib.pdb
d:\dev\native_world\nw_engine\ext\lua_lib\bin-int\debug-windows-x86_64\lua_lib\lua_lib.idb
d:\dev\native_world\nw_engine\ext\lua_lib\bin-int\debug-windows-x86_64\lua_lib\lopcodes.obj
d:\dev\native_world\nw_engine\ext\lua_lib\bin-int\debug-windows-x86_64\lua_lib\lobject.obj
d:\dev\native_world\nw_engine\ext\lua_lib\bin-int\debug-windows-x86_64\lua_lib\loadlib.obj
d:\dev\native_world\nw_engine\ext\lua_lib\bin-int\debug-windows-x86_64\lua_lib\lmem.obj
d:\dev\native_world\nw_engine\ext\lua_lib\bin-int\debug-windows-x86_64\lua_lib\lmathlib.obj
d:\dev\native_world\nw_engine\ext\lua_lib\bin-int\debug-windows-x86_64\lua_lib\llex.obj
d:\dev\native_world\nw_engine\ext\lua_lib\bin-int\debug-windows-x86_64\lua_lib\liolib.obj
d:\dev\native_world\nw_engine\ext\lua_lib\bin-int\debug-windows-x86_64\lua_lib\linit.obj
d:\dev\native_world\nw_engine\ext\lua_lib\bin-int\debug-windows-x86_64\lua_lib\lgc.obj
d:\dev\native_world\nw_engine\ext\lua_lib\bin-int\debug-windows-x86_64\lua_lib\lfunc.obj
d:\dev\native_world\nw_engine\ext\lua_lib\bin-int\debug-windows-x86_64\lua_lib\ldump.obj
d:\dev\native_world\nw_engine\ext\lua_lib\bin-int\debug-windows-x86_64\lua_lib\ldo.obj
d:\dev\native_world\nw_engine\ext\lua_lib\bin-int\debug-windows-x86_64\lua_lib\ldebug.obj
d:\dev\native_world\nw_engine\ext\lua_lib\bin-int\debug-windows-x86_64\lua_lib\ldblib.obj
d:\dev\native_world\nw_engine\ext\lua_lib\bin-int\debug-windows-x86_64\lua_lib\lctype.obj
d:\dev\native_world\nw_engine\ext\lua_lib\bin-int\debug-windows-x86_64\lua_lib\lcorolib.obj
d:\dev\native_world\nw_engine\ext\lua_lib\bin-int\debug-windows-x86_64\lua_lib\lcode.obj
d:\dev\native_world\nw_engine\ext\lua_lib\bin-int\debug-windows-x86_64\lua_lib\lbaselib.obj
d:\dev\native_world\nw_engine\ext\lua_lib\bin-int\debug-windows-x86_64\lua_lib\lauxlib.obj
d:\dev\native_world\nw_engine\ext\lua_lib\bin-int\debug-windows-x86_64\lua_lib\lapi.obj
d:\dev\native_world\nw_engine\ext\lua_lib\bin-int\debug-windows-x86_64\lua_lib\lzio.obj
d:\dev\native_world\nw_engine\ext\lua_lib\bin-int\debug-windows-x86_64\lua_lib\lvm.obj
d:\dev\native_world\nw_engine\ext\lua_lib\bin-int\debug-windows-x86_64\lua_lib\lutf8lib.obj
d:\dev\native_world\nw_engine\ext\lua_lib\bin-int\debug-windows-x86_64\lua_lib\lundump.obj
d:\dev\native_world\nw_engine\ext\lua_lib\bin-int\debug-windows-x86_64\lua_lib\ltm.obj
d:\dev\native_world\nw_engine\ext\lua_lib\bin-int\debug-windows-x86_64\lua_lib\ltablib.obj
d:\dev\native_world\nw_engine\ext\lua_lib\bin-int\debug-windows-x86_64\lua_lib\ltable.obj
d:\dev\native_world\nw_engine\ext\lua_lib\bin-int\debug-windows-x86_64\lua_lib\lstrlib.obj
d:\dev\native_world\nw_engine\ext\lua_lib\bin-int\debug-windows-x86_64\lua_lib\lstring.obj
d:\dev\native_world\nw_engine\ext\lua_lib\bin-int\debug-windows-x86_64\lua_lib\lstate.obj
d:\dev\native_world\nw_engine\ext\lua_lib\bin-int\debug-windows-x86_64\lua_lib\lparser.obj
d:\dev\native_world\nw_engine\ext\lua_lib\bin-int\debug-windows-x86_64\lua_lib\loslib.obj
d:\dev\native_world\nw_engine\ext\lua_lib\bin\debug-windows-x86_64\lua_lib\lua_lib.lib
d:\dev\native_world\nw_engine\ext\lua_lib\bin-int\debug-windows-x86_64\lua_lib\lua_lib.tlog\cl.command.1.tlog
d:\dev\native_world\nw_engine\ext\lua_lib\bin-int\debug-windows-x86_64\lua_lib\lua_lib.tlog\cl.read.1.tlog
d:\dev\native_world\nw_engine\ext\lua_lib\bin-int\debug-windows-x86_64\lua_lib\lua_lib.tlog\cl.write.1.tlog
d:\dev\native_world\nw_engine\ext\lua_lib\bin-int\debug-windows-x86_64\lua_lib\lua_lib.tlog\lib-link.read.1.tlog
d:\dev\native_world\nw_engine\ext\lua_lib\bin-int\debug-windows-x86_64\lua_lib\lua_lib.tlog\lib-link.write.1.tlog
d:\dev\native_world\nw_engine\ext\lua_lib\bin-int\debug-windows-x86_64\lua_lib\lua_lib.tlog\lib.command.1.tlog
